
Showing logs for build [32mcheesydev-labs-environment-jenk-9rnlf-1[0m stage [32mfrom-build-pack[0m and container [32mstep-credential-initializer-nctrw[0m
{"level":"warn","ts":1574815860.4686859,"logger":"fallback-logger","caller":"logging/config.go:69","msg":"Fetch GitHub commit ID from kodata failed: \"ref: refs/heads/master\" is not a valid GitHub commit ID"}
{"level":"info","ts":1574815860.469911,"logger":"fallback-logger","caller":"creds-init/main.go:40","msg":"Credentials initialized."}

Showing logs for build [32mcheesydev-labs-environment-jenk-9rnlf-1[0m stage [32mfrom-build-pack[0m and container [32mstep-working-dir-initializer-5lpw6[0m
{"level":"warn","ts":1574815861.5818012,"logger":"fallback-logger","caller":"logging/config.go:69","msg":"Fetch GitHub commit ID from kodata failed: open /var/run/ko/HEAD: no such file or directory"}
{"level":"info","ts":1574815861.5841513,"logger":"fallback-logger","caller":"bash/main.go:65","msg":"Successfully executed command \"mkdir -p /workspace/source\""}

Showing logs for build [32mcheesydev-labs-environment-jenk-9rnlf-1[0m stage [32mfrom-build-pack[0m and container [32mstep-place-tools[0m

Showing logs for build [32mcheesydev-labs-environment-jenk-9rnlf-1[0m stage [32mfrom-build-pack[0m and container [32mstep-git-source-cheesydev-labs-environment-jenk-75nwd[0m
{"level":"warn","ts":1574815866.7351747,"logger":"fallback-logger","caller":"logging/config.go:69","msg":"Fetch GitHub commit ID from kodata failed: \"ref: refs/heads/master\" is not a valid GitHub commit ID"}
{"level":"info","ts":1574815867.0446029,"logger":"fallback-logger","caller":"git/git.go:102","msg":"Successfully cloned https://github.com/cheesydev-labs/environment-jenkinsx-staging.git @ master in path /workspace/source"}

Showing logs for build [32mcheesydev-labs-environment-jenk-9rnlf-1[0m stage [32mfrom-build-pack[0m and container [32mstep-git-merge[0m
Using SHAs from PULL_REFS=master:6e71cbcfa40fe0bc38c4cf54807099ed08303aed,2:b67fddba4f1c2a28cef719bb4e3f644f912bef6e
DEBUG: ran git fetch --unshallow origin b67fddba4f1c2a28cef719bb4e3f644f912bef6e: 6e71cbcfa40fe0bc38c4cf54807099ed08303aed: in 
DEBUG: ran git checkout master in 
DEBUG: ran git reset --hard 6e71cbcfa40fe0bc38c4cf54807099ed08303aed in 
DEBUG: ran clean --force -d . in 
DEBUG: ran git merge b67fddba4f1c2a28cef719bb4e3f644f912bef6e in 
Merged SHA b67fddba4f1c2a28cef719bb4e3f644f912bef6e with commit message 'chore: Promote jenkinsx-app-quickstart2 to version 0.0.2' into base branch master

Showing logs for build [32mcheesydev-labs-environment-jenk-9rnlf-1[0m stage [32mfrom-build-pack[0m and container [32mstep-build-helm-build[0m
WARNING: No $CHART_REPOSITORY defined so using the default value of: http://jenkins-x-chartmuseum:8080
Adding missing Helm repo: storage.googleapis.com https://storage.googleapis.com/chartmuseum.jenkins-x.io
Successfully added Helm repository storage.googleapis.com.
Adding missing Helm repo: jenkins-x-chartmuseum http://jenkins-x-chartmuseum:8080
Successfully added Helm repository jenkins-x-chartmuseum.
WARNING: No $CHART_REPOSITORY defined so using the default value of: http://jenkins-x-chartmuseum:8080
Adding missing Helm repo: chartmuseum.jenkins-x.io http://chartmuseum.jenkins-x.io
Successfully added Helm repository chartmuseum.jenkins-x.io.
