
Showing logs for build [32mcheesydev-labs-environment-jenk-tdgp5-1[0m stage [32mfrom-build-pack[0m and container [32mstep-credential-initializer-xl7wb[0m
{"level":"warn","ts":1574816392.869393,"logger":"fallback-logger","caller":"logging/config.go:69","msg":"Fetch GitHub commit ID from kodata failed: \"ref: refs/heads/master\" is not a valid GitHub commit ID"}
{"level":"info","ts":1574816392.8705206,"logger":"fallback-logger","caller":"creds-init/main.go:40","msg":"Credentials initialized."}

Showing logs for build [32mcheesydev-labs-environment-jenk-tdgp5-1[0m stage [32mfrom-build-pack[0m and container [32mstep-working-dir-initializer-wb4bv[0m
{"level":"warn","ts":1574816394.4399173,"logger":"fallback-logger","caller":"logging/config.go:69","msg":"Fetch GitHub commit ID from kodata failed: open /var/run/ko/HEAD: no such file or directory"}
{"level":"info","ts":1574816394.4421358,"logger":"fallback-logger","caller":"bash/main.go:65","msg":"Successfully executed command \"mkdir -p /workspace/source\""}

Showing logs for build [32mcheesydev-labs-environment-jenk-tdgp5-1[0m stage [32mfrom-build-pack[0m and container [32mstep-place-tools[0m

Showing logs for build [32mcheesydev-labs-environment-jenk-tdgp5-1[0m stage [32mfrom-build-pack[0m and container [32mstep-git-source-cheesydev-labs-environment-jenk-777rs[0m
{"level":"warn","ts":1574816399.631405,"logger":"fallback-logger","caller":"logging/config.go:69","msg":"Fetch GitHub commit ID from kodata failed: \"ref: refs/heads/master\" is not a valid GitHub commit ID"}
{"level":"info","ts":1574816399.9920201,"logger":"fallback-logger","caller":"git/git.go:102","msg":"Successfully cloned https://github.com/cheesydev-labs/environment-jenkinsx-staging.git @ master in path /workspace/source"}

Showing logs for build [32mcheesydev-labs-environment-jenk-tdgp5-1[0m stage [32mfrom-build-pack[0m and container [32mstep-git-merge[0m
Using SHAs from PULL_REFS=master:7a9c2c2e91ad7740807d15d09ed74de081834644,3:5fd3923b00e30982dcd49bafd7d47edf79eff74c
DEBUG: ran git fetch --unshallow origin 5fd3923b00e30982dcd49bafd7d47edf79eff74c: 7a9c2c2e91ad7740807d15d09ed74de081834644: in 
DEBUG: ran git checkout master in 
DEBUG: ran git reset --hard 7a9c2c2e91ad7740807d15d09ed74de081834644 in 
DEBUG: ran clean --force -d . in 
DEBUG: ran git merge 5fd3923b00e30982dcd49bafd7d47edf79eff74c in 
Merged SHA 5fd3923b00e30982dcd49bafd7d47edf79eff74c with commit message 'chore: Promote jenkinsx-app-quickstart2 to version 0.0.3' into base branch master

Showing logs for build [32mcheesydev-labs-environment-jenk-tdgp5-1[0m stage [32mfrom-build-pack[0m and container [32mstep-build-helm-build[0m
WARNING: No $CHART_REPOSITORY defined so using the default value of: http://jenkins-x-chartmuseum:8080
Adding missing Helm repo: storage.googleapis.com https://storage.googleapis.com/chartmuseum.jenkins-x.io
Successfully added Helm repository storage.googleapis.com.
Adding missing Helm repo: jenkins-x-chartmuseum http://jenkins-x-chartmuseum:8080
Successfully added Helm repository jenkins-x-chartmuseum.
WARNING: No $CHART_REPOSITORY defined so using the default value of: http://jenkins-x-chartmuseum:8080
Adding missing Helm repo: chartmuseum.jenkins-x.io http://chartmuseum.jenkins-x.io
Successfully added Helm repository chartmuseum.jenkins-x.io.
