
Showing logs for build [32mcheesydev-labs-environment-jenk-j8cf2-1[0m stage [32mfrom-build-pack[0m and container [32mstep-credential-initializer-hrvtq[0m
{"level":"warn","ts":1574866342.2615204,"logger":"fallback-logger","caller":"logging/config.go:69","msg":"Fetch GitHub commit ID from kodata failed: \"ref: refs/heads/master\" is not a valid GitHub commit ID"}
{"level":"info","ts":1574866342.2627625,"logger":"fallback-logger","caller":"creds-init/main.go:40","msg":"Credentials initialized."}

Showing logs for build [32mcheesydev-labs-environment-jenk-j8cf2-1[0m stage [32mfrom-build-pack[0m and container [32mstep-working-dir-initializer-dsjxs[0m
{"level":"warn","ts":1574866343.2438736,"logger":"fallback-logger","caller":"logging/config.go:69","msg":"Fetch GitHub commit ID from kodata failed: open /var/run/ko/HEAD: no such file or directory"}
{"level":"info","ts":1574866343.2465756,"logger":"fallback-logger","caller":"bash/main.go:65","msg":"Successfully executed command \"mkdir -p /workspace/source\""}

Showing logs for build [32mcheesydev-labs-environment-jenk-j8cf2-1[0m stage [32mfrom-build-pack[0m and container [32mstep-place-tools[0m

Showing logs for build [32mcheesydev-labs-environment-jenk-j8cf2-1[0m stage [32mfrom-build-pack[0m and container [32mstep-git-source-cheesydev-labs-environment-jenk-n8mp2[0m
{"level":"warn","ts":1574866348.3460042,"logger":"fallback-logger","caller":"logging/config.go:69","msg":"Fetch GitHub commit ID from kodata failed: \"ref: refs/heads/master\" is not a valid GitHub commit ID"}
{"level":"info","ts":1574866348.7197292,"logger":"fallback-logger","caller":"git/git.go:102","msg":"Successfully cloned https://github.com/cheesydev-labs/environment-jenkinsx-staging.git @ master in path /workspace/source"}

Showing logs for build [32mcheesydev-labs-environment-jenk-j8cf2-1[0m stage [32mfrom-build-pack[0m and container [32mstep-git-merge[0m
Using SHAs from PULL_REFS=master:f8e851c592e98ccb2ea2140619968c05d6b4f5f5,5:03509164d41f81749eacac12e8a89bee6f2a9054
DEBUG: ran git fetch --unshallow origin 03509164d41f81749eacac12e8a89bee6f2a9054: f8e851c592e98ccb2ea2140619968c05d6b4f5f5: in 
DEBUG: ran git checkout master in 
DEBUG: ran git reset --hard f8e851c592e98ccb2ea2140619968c05d6b4f5f5 in 
DEBUG: ran clean --force -d . in 
DEBUG: ran git merge 03509164d41f81749eacac12e8a89bee6f2a9054 in 
Merged SHA 03509164d41f81749eacac12e8a89bee6f2a9054 with commit message 'chore: Promote jenkinsx-app-quickstart2 to version 0.0.5' into base branch master

Showing logs for build [32mcheesydev-labs-environment-jenk-j8cf2-1[0m stage [32mfrom-build-pack[0m and container [32mstep-build-helm-build[0m
WARNING: No $CHART_REPOSITORY defined so using the default value of: http://jenkins-x-chartmuseum:8080
Adding missing Helm repo: storage.googleapis.com https://storage.googleapis.com/chartmuseum.jenkins-x.io
Successfully added Helm repository storage.googleapis.com.
Adding missing Helm repo: jenkins-x-chartmuseum http://jenkins-x-chartmuseum:8080
Successfully added Helm repository jenkins-x-chartmuseum.
WARNING: No $CHART_REPOSITORY defined so using the default value of: http://jenkins-x-chartmuseum:8080
Adding missing Helm repo: chartmuseum.jenkins-x.io http://chartmuseum.jenkins-x.io
Successfully added Helm repository chartmuseum.jenkins-x.io.
