
Showing logs for build [32mcheesydev-labs-environment-jenk-s6r5r-1[0m stage [32mfrom-build-pack[0m and container [32mstep-credential-initializer-lxnb4[0m
{"level":"warn","ts":1574812217.1249535,"logger":"fallback-logger","caller":"logging/config.go:69","msg":"Fetch GitHub commit ID from kodata failed: \"ref: refs/heads/master\" is not a valid GitHub commit ID"}
{"level":"info","ts":1574812217.1260707,"logger":"fallback-logger","caller":"creds-init/main.go:40","msg":"Credentials initialized."}

Showing logs for build [32mcheesydev-labs-environment-jenk-s6r5r-1[0m stage [32mfrom-build-pack[0m and container [32mstep-working-dir-initializer-smsjk[0m
{"level":"warn","ts":1574812218.2528443,"logger":"fallback-logger","caller":"logging/config.go:69","msg":"Fetch GitHub commit ID from kodata failed: open /var/run/ko/HEAD: no such file or directory"}
{"level":"info","ts":1574812218.254333,"logger":"fallback-logger","caller":"bash/main.go:65","msg":"Successfully executed command \"mkdir -p /workspace/source\""}

Showing logs for build [32mcheesydev-labs-environment-jenk-s6r5r-1[0m stage [32mfrom-build-pack[0m and container [32mstep-place-tools[0m

Showing logs for build [32mcheesydev-labs-environment-jenk-s6r5r-1[0m stage [32mfrom-build-pack[0m and container [32mstep-git-source-cheesydev-labs-environment-jenk-67lww[0m
{"level":"warn","ts":1574812224.5512722,"logger":"fallback-logger","caller":"logging/config.go:69","msg":"Fetch GitHub commit ID from kodata failed: \"ref: refs/heads/master\" is not a valid GitHub commit ID"}
{"level":"info","ts":1574812224.910556,"logger":"fallback-logger","caller":"git/git.go:102","msg":"Successfully cloned https://github.com/cheesydev-labs/environment-jenkinsx-staging.git @ master in path /workspace/source"}

Showing logs for build [32mcheesydev-labs-environment-jenk-s6r5r-1[0m stage [32mfrom-build-pack[0m and container [32mstep-git-merge[0m
Using SHAs from PULL_REFS=master:e1e8cd45ef30dc5e3ac9cc09340b7e45d1497d36,1:15cdcd2180cf2b220273d129053757ce21b65db1
DEBUG: ran git fetch --unshallow origin 15cdcd2180cf2b220273d129053757ce21b65db1: e1e8cd45ef30dc5e3ac9cc09340b7e45d1497d36: in 
DEBUG: ran git checkout master in 
DEBUG: ran git reset --hard e1e8cd45ef30dc5e3ac9cc09340b7e45d1497d36 in 
DEBUG: ran clean --force -d . in 
DEBUG: ran git merge 15cdcd2180cf2b220273d129053757ce21b65db1 in 
Merged SHA 15cdcd2180cf2b220273d129053757ce21b65db1 with commit message 'chore: Promote jenkinsx-app-quickstart2 to version 0.0.1' into base branch master

Showing logs for build [32mcheesydev-labs-environment-jenk-s6r5r-1[0m stage [32mfrom-build-pack[0m and container [32mstep-build-helm-build[0m
WARNING: No $CHART_REPOSITORY defined so using the default value of: http://jenkins-x-chartmuseum:8080
Adding missing Helm repo: storage.googleapis.com https://storage.googleapis.com/chartmuseum.jenkins-x.io
Successfully added Helm repository storage.googleapis.com.
Adding missing Helm repo: jenkins-x-chartmuseum http://jenkins-x-chartmuseum:8080
Successfully added Helm repository jenkins-x-chartmuseum.
WARNING: No $CHART_REPOSITORY defined so using the default value of: http://jenkins-x-chartmuseum:8080
Adding missing Helm repo: chartmuseum.jenkins-x.io http://chartmuseum.jenkins-x.io
Successfully added Helm repository chartmuseum.jenkins-x.io.
