
Showing logs for build [32mcheesydev-labs-environment-jenk-v2n5m-1[0m stage [32mfrom-build-pack[0m and container [32mstep-credential-initializer-llz5t[0m
{"level":"warn","ts":1574857910.3120189,"logger":"fallback-logger","caller":"logging/config.go:69","msg":"Fetch GitHub commit ID from kodata failed: \"ref: refs/heads/master\" is not a valid GitHub commit ID"}
{"level":"info","ts":1574857910.3128116,"logger":"fallback-logger","caller":"creds-init/main.go:40","msg":"Credentials initialized."}

Showing logs for build [32mcheesydev-labs-environment-jenk-v2n5m-1[0m stage [32mfrom-build-pack[0m and container [32mstep-working-dir-initializer-wgfp2[0m
{"level":"warn","ts":1574857911.3333514,"logger":"fallback-logger","caller":"logging/config.go:69","msg":"Fetch GitHub commit ID from kodata failed: open /var/run/ko/HEAD: no such file or directory"}
{"level":"info","ts":1574857911.3348167,"logger":"fallback-logger","caller":"bash/main.go:65","msg":"Successfully executed command \"mkdir -p /workspace/source\""}

Showing logs for build [32mcheesydev-labs-environment-jenk-v2n5m-1[0m stage [32mfrom-build-pack[0m and container [32mstep-place-tools[0m

Showing logs for build [32mcheesydev-labs-environment-jenk-v2n5m-1[0m stage [32mfrom-build-pack[0m and container [32mstep-git-source-cheesydev-labs-environment-jenk-58gkb[0m
{"level":"warn","ts":1574857941.1536806,"logger":"fallback-logger","caller":"logging/config.go:69","msg":"Fetch GitHub commit ID from kodata failed: \"ref: refs/heads/master\" is not a valid GitHub commit ID"}
{"level":"info","ts":1574857942.506987,"logger":"fallback-logger","caller":"git/git.go:102","msg":"Successfully cloned https://github.com/cheesydev-labs/environment-jenkinsx-staging.git @ master in path /workspace/source"}

Showing logs for build [32mcheesydev-labs-environment-jenk-v2n5m-1[0m stage [32mfrom-build-pack[0m and container [32mstep-git-merge[0m
Using SHAs from PULL_REFS=master:713ec259acefc0c9dd80fa7e5b680d32573c9a1a,4:6c1026fde3f64fcfdda77cfd03013f98ce8ee360
DEBUG: ran git fetch --unshallow origin 6c1026fde3f64fcfdda77cfd03013f98ce8ee360: 713ec259acefc0c9dd80fa7e5b680d32573c9a1a: in 
DEBUG: ran git checkout master in 
DEBUG: ran git reset --hard 713ec259acefc0c9dd80fa7e5b680d32573c9a1a in 
DEBUG: ran clean --force -d . in 
DEBUG: ran git merge 6c1026fde3f64fcfdda77cfd03013f98ce8ee360 in 
Merged SHA 6c1026fde3f64fcfdda77cfd03013f98ce8ee360 with commit message 'chore: Promote jenkinsx-app-quickstart2 to version 0.0.4' into base branch master

Showing logs for build [32mcheesydev-labs-environment-jenk-v2n5m-1[0m stage [32mfrom-build-pack[0m and container [32mstep-build-helm-build[0m
WARNING: No $CHART_REPOSITORY defined so using the default value of: http://jenkins-x-chartmuseum:8080
Adding missing Helm repo: storage.googleapis.com https://storage.googleapis.com/chartmuseum.jenkins-x.io
Successfully added Helm repository storage.googleapis.com.
Adding missing Helm repo: jenkins-x-chartmuseum http://jenkins-x-chartmuseum:8080
Successfully added Helm repository jenkins-x-chartmuseum.
WARNING: No $CHART_REPOSITORY defined so using the default value of: http://jenkins-x-chartmuseum:8080
Adding missing Helm repo: chartmuseum.jenkins-x.io http://chartmuseum.jenkins-x.io
Successfully added Helm repository chartmuseum.jenkins-x.io.
